#
# A fatal error has been detected by the Java Runtime Environment:
#
#  SIGSEGV (0xb) at pc=0x0000000110aad798, pid=5364, tid=18179
#
# JRE version: Java(TM) SE Runtime Environment (7.0_40-b43) (build 1.7.0_40-b43)
# Java VM: Java HotSpot(TM) 64-Bit Server VM (24.0-b56 mixed mode bsd-amd64 compressed oops)
# Problematic frame:
# V  [libjvm.dylib+0x2ad798]
#
# Failed to write core dump. Core dumps have been disabled. To enable core dumping, try "ulimit -c unlimited" before starting Java again
#
# If you would like to submit a bug report, please visit:
#   http://bugreport.sun.com/bugreport/crash.jsp
#

---------------  T H R E A D  ---------------

Current thread (0x00007f8c75044800):  JavaThread "JDWP Transport Listener: dt_socket" daemon [_thread_in_vm, id=18179, stack(0x000000011ae02000,0x000000011af02000)]

siginfo:si_signo=SIGSEGV: si_errno=0, si_code=1 (SEGV_MAPERR), si_addr=0x000000000000000c

Registers:
RAX=0x0000000000000000, RBX=0x00000007d57582a0, RCX=0x000000000000000c, RDX=0x0000000000000000
RSP=0x000000011af01a20, RBP=0x000000011af01a20, RSI=0x00007f8c73423488, RDI=0x00000007d57582a0
R8 =0x0000000000000000, R9 =0x00007f8c73700000, R10=0x000000004fc4b9a4, R11=0xffff8074a78ef130
R12=0x00007f8c75044800, R13=0x00007f8c73613850, R14=0x0000000000000000, R15=0x0000000000000000
RIP=0x0000000110aad798, EFLAGS=0x0000000000010202, ERR=0x0000000000000004
  TRAPNO=0x000000000000000e

Top of Stack: (sp=0x000000011af01a20)
0x000000011af01a20:   000000011af01a50 0000000110adcf4a
0x000000011af01a30:   0000000000000000 0000000000000000
0x000000011af01a40:   00000007d57582a0 00007f8c750449e8
0x000000011af01a50:   000000011af01ac0 0000000110b04660
0x000000011af01a60:   00007f8c75044800 00007f8c75044800
0x000000011af01a70:   0000000000000000 0000000000000000
0x000000011af01a80:   00007f8c750449e8 00007f8c75044800
0x000000011af01a90:   00007f8c75044800 000000011af01b18
0x000000011af01aa0:   00007f8c73423488 00007f8c73613850
0x000000011af01ab0:   000000011af01ca0 00007f8c750449e8
0x000000011af01ac0:   000000011af01af0 000000010ff9c52e
0x000000011af01ad0:   000000011af01ca0 000000010ffbcdc0
0x000000011af01ae0:   000000011af01b18 000000010ffc8578
0x000000011af01af0:   000000011af01d10 000000010ffa36b2
0x000000011af01b00:   0001248800000013 0000000000010a00
0x000000011af01b10:   00007f8c73612950 000000011af01b68
0x000000011af01b20:   00007f8c0000012c 000000011af01b30
0x000000011af01b30:   00007f8c00000000 000000011af01b68
0x000000011af01b40:   0000000000000000 00007f0000000000
0x000000011af01b50:   0001248800000014 00007fff0000be80
0x000000011af01b60:   000000011af01b68 0000000000000001
0x000000011af01b70:   000000010e00b16d 7f00004800000000
0x000000011af01b80:   000000681641738c 0400002900000000
0x000000011af01b90:   00000000090c0000 5902000009000000
0x000000011af01ba0:   0e00000000000000 532f676e5a020000
0x000000011af01bb0:   56293b676e697274 0100000000000000
0x000000011af01bc0:   a88442738c7f0000 696e693c06000000
0x000000011af01bd0:   5b28050000003e74 0000000000562943
0x000000011af01be0:   738c7f0000010000 3c06000000880c51
0x000000011af01bf0:   0000003e74696e69 56294949435b2807
0x000000011af01c00:   0100000000000000 a08442738c7f0000
0x000000011af01c10:   696e693c06000000 5b28070000003e74 

Instructions: (pc=0x0000000110aad798)
0x0000000110aad778:   eb 16 48 8d 35 3f 2e 4c 00 8a 4e 08 48 d3 e2 48
0x0000000110aad788:   03 16 eb 04 48 8b 14 0f 84 c0 0f 94 c0 0f b6 c0
0x0000000110aad798:   8b 44 82 0c 5d c3 8b 04 07 5d c3 90 55 48 89 e5
0x0000000110aad7a8:   f6 87 8d 00 00 00 02 75 04 31 ff eb 23 48 63 87 

Register to memory mapping:

RAX=0x0000000000000000 is an unknown value
RBX=0x00000007d57582a0 is an oop
java.lang.String 
 - klass: 'java/lang/String'
RCX=0x000000000000000c is an unknown value
RDX=0x0000000000000000 is an unknown value
RSP=0x000000011af01a20 is pointing into the stack for thread: 0x00007f8c75044800
RBP=0x000000011af01a20 is pointing into the stack for thread: 0x00007f8c75044800
RSI=0x00007f8c73423488 is a global jni handle
RDI=0x00000007d57582a0 is an oop
java.lang.String 
 - klass: 'java/lang/String'
R8 =0x0000000000000000 is an unknown value
R9 =0x00007f8c73700000 is an unknown value
R10=0x000000004fc4b9a4 is an unknown value
R11=0xffff8074a78ef130 is an unknown value
R12=0x00007f8c75044800 is a thread
R13=0x00007f8c73613850 is an unknown value
R14=0x0000000000000000 is an unknown value
R15=0x0000000000000000 is an unknown value


Stack: [0x000000011ae02000,0x000000011af02000],  sp=0x000000011af01a20,  free space=1022k
Native frames: (J=compiled Java code, j=interpreted, Vv=VM code, C=native code)
V  [libjvm.dylib+0x2ad798]
V  [libjvm.dylib+0x2dcf4a]
V  [libjvm.dylib+0x304660]
C  [libjdwp.dylib+0x752e]  value+0x96
C  [libjdwp.dylib+0xe6b2]  debugLoop_run+0x1ce
C  [libjdwp.dylib+0x1f132]  attachThread+0x4d
V  [libjvm.dylib+0x373996]
V  [libjvm.dylib+0x4ef257]
V  [libjvm.dylib+0x4f095f]
V  [libjvm.dylib+0x41a8e1]
C  [libsystem_pthread.dylib+0x1899]  _pthread_body+0x8a
C  [libsystem_pthread.dylib+0x172a]  _pthread_struct_init+0x0
C  [libsystem_pthread.dylib+0x5fc9]  thread_start+0xd


---------------  P R O C E S S  ---------------

Java Threads: ( => current thread )
  0x00007f8c74017000 JavaThread "Service Thread" daemon [_thread_blocked, id=20739, stack(0x000000011b311000,0x000000011b411000)]
  0x00007f8c74015000 JavaThread "C2 CompilerThread1" daemon [_thread_blocked, id=20227, stack(0x000000011b20e000,0x000000011b30e000)]
  0x00007f8c74014000 JavaThread "C2 CompilerThread0" daemon [_thread_blocked, id=19715, stack(0x000000011b10b000,0x000000011b20b000)]
  0x00007f8c74807800 JavaThread "JDWP Command Reader" daemon [_thread_in_native, id=19203, stack(0x000000011b008000,0x000000011b108000)]
  0x00007f8c7504b000 JavaThread "JDWP Event Helper Thread" daemon [_thread_blocked, id=18691, stack(0x000000011af05000,0x000000011b005000)]
=>0x00007f8c75044800 JavaThread "JDWP Transport Listener: dt_socket" daemon [_thread_in_vm, id=18179, stack(0x000000011ae02000,0x000000011af02000)]
  0x00007f8c7400c000 JavaThread "Signal Dispatcher" daemon [_thread_blocked, id=17667, stack(0x000000011acf9000,0x000000011adf9000)]
  0x00007f8c75041800 JavaThread "Finalizer" daemon [_thread_blocked, id=12547, stack(0x000000011aabf000,0x000000011abbf000)]
  0x00007f8c7503e800 JavaThread "Reference Handler" daemon [_thread_blocked, id=12035, stack(0x000000011a9bc000,0x000000011aabc000)]
  0x00007f8c74001000 JavaThread "main" [_thread_blocked, id=6403, stack(0x0000000111253000,0x0000000111353000)]

Other Threads:
  0x00007f8c7380d800 VMThread [stack: 0x000000011a8b9000,0x000000011a9b9000] [id=11523]
  0x00007f8c74028000 WatcherThread [stack: 0x000000011b414000,0x000000011b514000] [id=21251]

VM state:not at safepoint (normal execution)

VM Mutex/Monitor currently owned by a thread: None

Heap
 PSYoungGen      total 38912K, used 2703K [0x00000007d5500000, 0x00000007d8000000, 0x0000000800000000)
  eden space 33792K, 8% used [0x00000007d5500000,0x00000007d57a3f28,0x00000007d7600000)
  from space 5120K, 0% used [0x00000007d7b00000,0x00000007d7b00000,0x00000007d8000000)
  to   space 5120K, 0% used [0x00000007d7600000,0x00000007d7600000,0x00000007d7b00000)
 ParOldGen       total 87040K, used 0K [0x0000000780000000, 0x0000000785500000, 0x00000007d5500000)
  object space 87040K, 0% used [0x0000000780000000,0x0000000780000000,0x0000000785500000)
 PSPermGen       total 21504K, used 2899K [0x000000077ae00000, 0x000000077c300000, 0x0000000780000000)
  object space 21504K, 13% used [0x000000077ae00000,0x000000077b0d4ec0,0x000000077c300000)

Card table byte_map: [0x0000000114415000,0x000000011483f000] byte_map_base: 0x000000011083e000

Polling page: 0x000000010ff94000

Code Cache  [0x0000000111355000, 0x00000001115c5000, 0x0000000114355000)
 total_blobs=181 nmethods=8 adapters=136 free_code_cache=48762Kb largest_free_block=49919168

Compilation events (10 events):
Event: 0.098 Thread 0x00007f8c74014000 nmethod 4 0x00000001113b4010 code [0x00000001113b4160, 0x00000001113b4258]
Event: 0.101 Thread 0x00007f8c74015000 nmethod 3 0x00000001113b6a50 code [0x00000001113b6be0, 0x00000001113b72c8]
Event: 0.101 Thread 0x00007f8c74014000    5             java.io.UnixFileSystem::normalize (75 bytes)
Event: 0.105 Thread 0x00007f8c74014000 nmethod 5 0x00000001113b39d0 code [0x00000001113b3b40, 0x00000001113b3e18]
Event: 0.117 Thread 0x00007f8c74015000    6             java.lang.String::lastIndexOf (52 bytes)
Event: 0.120 Thread 0x00007f8c74015000 nmethod 6 0x00000001113b6350 code [0x00000001113b64a0, 0x00000001113b6648]
Event: 0.134 Thread 0x00007f8c74014000    7             java.lang.String::equals (81 bytes)
Event: 0.138 Thread 0x00007f8c74014000 nmethod 7 0x00000001113b9510 code [0x00000001113b9660, 0x00000001113b9998]
Event: 46.887 Thread 0x00007f8c74015000    8             java.util.regex.Pattern::has (15 bytes)
Event: 46.888 Thread 0x00007f8c74015000 nmethod 8 0x00000001113b35d0 code [0x00000001113b3700, 0x00000001113b3778]

GC Heap History (0 events):
No events

Deoptimization events (0 events):
No events

Internal exceptions (10 events):
Event: 0.111 Thread 0x00007f8c74001000 Threw 0x00000007d5697a78 at /HUDSON/workspace/jdk7u40-2-build-macosx-amd64-product/jdk7u40/hotspot/src/share/vm/prims/jvm.cpp:1244
Event: 0.112 Thread 0x00007f8c74001000 Threw 0x00000007d569bf00 at /HUDSON/workspace/jdk7u40-2-build-macosx-amd64-product/jdk7u40/hotspot/src/share/vm/prims/jvm.cpp:1244
Event: 0.113 Thread 0x00007f8c74001000 Threw 0x00000007d56a6fb8 at /HUDSON/workspace/jdk7u40-2-build-macosx-amd64-product/jdk7u40/hotspot/src/share/vm/prims/jvm.cpp:1244
Event: 0.114 Thread 0x00007f8c74001000 Threw 0x00000007d56ace70 at /HUDSON/workspace/jdk7u40-2-build-macosx-amd64-product/jdk7u40/hotspot/src/share/vm/prims/jvm.cpp:1244
Event: 0.115 Thread 0x00007f8c74001000 Threw 0x00000007d56b51f0 at /HUDSON/workspace/jdk7u40-2-build-macosx-amd64-product/jdk7u40/hotspot/src/share/vm/prims/jvm.cpp:1244
Event: 0.115 Thread 0x00007f8c74001000 Threw 0x00000007d56b91a8 at /HUDSON/workspace/jdk7u40-2-build-macosx-amd64-product/jdk7u40/hotspot/src/share/vm/prims/jvm.cpp:1244
Event: 0.116 Thread 0x00007f8c74001000 Threw 0x00000007d56bd000 at /HUDSON/workspace/jdk7u40-2-build-macosx-amd64-product/jdk7u40/hotspot/src/share/vm/prims/jvm.cpp:1244
Event: 0.116 Thread 0x00007f8c74001000 Threw 0x00000007d56c0e50 at /HUDSON/workspace/jdk7u40-2-build-macosx-amd64-product/jdk7u40/hotspot/src/share/vm/prims/jvm.cpp:1244
Event: 0.117 Thread 0x00007f8c74001000 Threw 0x00000007d56c4e60 at /HUDSON/workspace/jdk7u40-2-build-macosx-amd64-product/jdk7u40/hotspot/src/share/vm/prims/jvm.cpp:1244
Event: 4.489 Thread 0x00007f8c74001000 Threw 0x00000007d570b158 at /HUDSON/workspace/jdk7u40-2-build-macosx-amd64-product/jdk7u40/hotspot/src/share/vm/prims/jvm.cpp:1244

Events (10 events):
Event: 456.747 Executing VM operation: GetOrSetLocal
Event: 456.747 Executing VM operation: GetOrSetLocal done
Event: 456.747 Executing VM operation: GetOrSetLocal
Event: 456.747 Executing VM operation: GetOrSetLocal done
Event: 456.748 Executing VM operation: GetOrSetLocal
Event: 456.748 Executing VM operation: GetOrSetLocal done
Event: 456.748 Executing VM operation: GetOrSetLocal
Event: 456.749 Executing VM operation: GetOrSetLocal done
Event: 456.749 Executing VM operation: GetOrSetLocal
Event: 456.749 Executing VM operation: GetOrSetLocal done


Dynamic libraries:
0x000000000af41000 	/System/Library/Frameworks/Cocoa.framework/Versions/A/Cocoa
0x000000000af41000 	/System/Library/Frameworks/Security.framework/Versions/A/Security
0x000000000af41000 	/System/Library/Frameworks/ApplicationServices.framework/Versions/A/ApplicationServices
0x000000000af41000 	/usr/lib/libz.1.dylib
0x000000000af41000 	/usr/lib/libSystem.B.dylib
0x000000000af41000 	/usr/lib/libobjc.A.dylib
0x000000000af41000 	/System/Library/Frameworks/CoreFoundation.framework/Versions/A/CoreFoundation
0x000000000af41000 	/System/Library/Frameworks/Foundation.framework/Versions/C/Foundation
0x000000000af41000 	/System/Library/Frameworks/AppKit.framework/Versions/C/AppKit
0x000000000af41000 	/System/Library/Frameworks/CoreData.framework/Versions/A/CoreData
0x000000000af41000 	/System/Library/PrivateFrameworks/RemoteViewServices.framework/Versions/A/RemoteViewServices
0x000000000af41000 	/System/Library/Frameworks/AudioToolbox.framework/Versions/A/AudioToolbox
0x000000000af41000 	/System/Library/Frameworks/AudioUnit.framework/Versions/A/AudioUnit
0x000000000af41000 	/System/Library/PrivateFrameworks/DataDetectorsCore.framework/Versions/A/DataDetectorsCore
0x000000000af41000 	/System/Library/PrivateFrameworks/DesktopServicesPriv.framework/Versions/A/DesktopServicesPriv
0x000000000af41000 	/System/Library/Frameworks/Carbon.framework/Versions/A/Frameworks/HIToolbox.framework/Versions/A/HIToolbox
0x000000000af41000 	/System/Library/Frameworks/QuartzCore.framework/Versions/A/QuartzCore
0x000000000af41000 	/System/Library/Frameworks/Carbon.framework/Versions/A/Frameworks/SpeechRecognition.framework/Versions/A/SpeechRecognition
0x000000000af41000 	/usr/lib/libauto.dylib
0x000000000af41000 	/usr/lib/libicucore.A.dylib
0x000000000af41000 	/usr/lib/libxml2.2.dylib
0x000000000af41000 	/System/Library/PrivateFrameworks/CoreUI.framework/Versions/A/CoreUI
0x000000000af41000 	/System/Library/Frameworks/CoreAudio.framework/Versions/A/CoreAudio
0x000000000af41000 	/System/Library/Frameworks/DiskArbitration.framework/Versions/A/DiskArbitration
0x000000000af41000 	/usr/lib/liblangid.dylib
0x000000000af41000 	/System/Library/PrivateFrameworks/MultitouchSupport.framework/Versions/A/MultitouchSupport
0x000000000af41000 	/System/Library/Frameworks/IOKit.framework/Versions/A/IOKit
0x000000000af41000 	/usr/lib/libDiagnosticMessagesClient.dylib
0x000000000af41000 	/System/Library/Frameworks/CoreServices.framework/Versions/A/CoreServices
0x000000000af41000 	/System/Library/PrivateFrameworks/PerformanceAnalysis.framework/Versions/A/PerformanceAnalysis
0x000000000af41000 	/System/Library/PrivateFrameworks/GenerationalStorage.framework/Versions/A/GenerationalStorage
0x000000000af41000 	/System/Library/Frameworks/OpenGL.framework/Versions/A/OpenGL
0x000000000af41000 	/System/Library/PrivateFrameworks/Sharing.framework/Versions/A/Sharing
0x000000000af41000 	/System/Library/Frameworks/ImageIO.framework/Versions/A/ImageIO
0x000000000af41000 	/System/Library/Frameworks/CoreText.framework/Versions/A/CoreText
0x000000000af41000 	/System/Library/Frameworks/CoreGraphics.framework/Versions/A/CoreGraphics
0x000000000af41000 	/System/Library/PrivateFrameworks/Backup.framework/Versions/A/Backup
0x000000000af41000 	/System/Library/Frameworks/CFNetwork.framework/Versions/A/CFNetwork
0x000000000af41000 	/System/Library/Frameworks/SystemConfiguration.framework/Versions/A/SystemConfiguration
0x000000000af41000 	/usr/lib/libCRFSuite.dylib
0x000000000af41000 	/usr/lib/libc++.1.dylib
0x000000000af41000 	/usr/lib/libc++abi.dylib
0x000000000af41000 	/usr/lib/system/libcache.dylib
0x000000000af41000 	/usr/lib/system/libcommonCrypto.dylib
0x000000000af41000 	/usr/lib/system/libcompiler_rt.dylib
0x000000000af41000 	/usr/lib/system/libcopyfile.dylib
0x000000000af41000 	/usr/lib/system/libcorecrypto.dylib
0x000000000af41000 	/usr/lib/system/libdispatch.dylib
0x000000000af41000 	/usr/lib/system/libdyld.dylib
0x000000000af41000 	/usr/lib/system/libkeymgr.dylib
0x000000000af41000 	/usr/lib/system/liblaunch.dylib
0x000000000af41000 	/usr/lib/system/libmacho.dylib
0x000000000af41000 	/usr/lib/system/libquarantine.dylib
0x000000000af41000 	/usr/lib/system/libremovefile.dylib
0x000000000af41000 	/usr/lib/system/libsystem_asl.dylib
0x000000000af41000 	/usr/lib/system/libsystem_blocks.dylib
0x000000000af41000 	/usr/lib/system/libsystem_c.dylib
0x000000000af41000 	/usr/lib/system/libsystem_configuration.dylib
0x000000000af41000 	/usr/lib/system/libsystem_dnssd.dylib
0x000000000af41000 	/usr/lib/system/libsystem_info.dylib
0x000000000af41000 	/usr/lib/system/libsystem_kernel.dylib
0x000000000af41000 	/usr/lib/system/libsystem_m.dylib
0x000000000af41000 	/usr/lib/system/libsystem_malloc.dylib
0x000000000af41000 	/usr/lib/system/libsystem_network.dylib
0x000000000af41000 	/usr/lib/system/libsystem_notify.dylib
0x000000000af41000 	/usr/lib/system/libsystem_platform.dylib
0x000000000af41000 	/usr/lib/system/libsystem_pthread.dylib
0x000000000af41000 	/usr/lib/system/libsystem_sandbox.dylib
0x000000000af41000 	/usr/lib/system/libsystem_stats.dylib
0x000000000af41000 	/usr/lib/system/libunc.dylib
0x000000000af41000 	/usr/lib/system/libunwind.dylib
0x000000000af41000 	/usr/lib/system/libxpc.dylib
0x000000000af41000 	/usr/lib/libbsm.0.dylib
0x000000000af41000 	/usr/lib/libsqlite3.dylib
0x000000000af41000 	/usr/lib/libxar.1.dylib
0x000000000af41000 	/usr/lib/libpam.2.dylib
0x000000000af41000 	/usr/lib/libOpenScriptingUtil.dylib
0x000000000af41000 	/usr/lib/libbz2.1.0.dylib
0x000000000af41000 	/System/Library/Frameworks/CoreServices.framework/Versions/A/Frameworks/CarbonCore.framework/Versions/A/CarbonCore
0x000000000af41000 	/System/Library/Frameworks/CoreServices.framework/Versions/A/Frameworks/Metadata.framework/Versions/A/Metadata
0x000000000af41000 	/System/Library/Frameworks/CoreServices.framework/Versions/A/Frameworks/OSServices.framework/Versions/A/OSServices
0x000000000af41000 	/System/Library/Frameworks/CoreServices.framework/Versions/A/Frameworks/SearchKit.framework/Versions/A/SearchKit
0x000000000af41000 	/System/Library/Frameworks/CoreServices.framework/Versions/A/Frameworks/AE.framework/Versions/A/AE
0x000000000af41000 	/System/Library/Frameworks/CoreServices.framework/Versions/A/Frameworks/LaunchServices.framework/Versions/A/LaunchServices
0x000000000af41000 	/System/Library/Frameworks/CoreServices.framework/Versions/A/Frameworks/DictionaryServices.framework/Versions/A/DictionaryServices
0x000000000af41000 	/System/Library/Frameworks/NetFS.framework/Versions/A/NetFS
0x000000000af41000 	/usr/lib/system/libkxld.dylib
0x000000000af41000 	/System/Library/PrivateFrameworks/NetAuth.framework/Versions/A/NetAuth
0x000000000af41000 	/System/Library/PrivateFrameworks/TCC.framework/Versions/A/TCC
0x000000000af41000 	/System/Library/Frameworks/OpenDirectory.framework/Versions/A/Frameworks/CFOpenDirectory.framework/Versions/A/CFOpenDirectory
0x000000000af41000 	/System/Library/Frameworks/ServiceManagement.framework/Versions/A/ServiceManagement
0x000000000af41000 	/usr/lib/libxslt.1.dylib
0x000000000af41000 	/System/Library/Frameworks/Carbon.framework/Versions/A/Frameworks/Ink.framework/Versions/A/Ink
0x000000000af41000 	/System/Library/Frameworks/ApplicationServices.framework/Versions/A/Frameworks/ATS.framework/Versions/A/ATS
0x000000000af41000 	/System/Library/Frameworks/ApplicationServices.framework/Versions/A/Frameworks/ColorSync.framework/Versions/A/ColorSync
0x000000000af41000 	/System/Library/Frameworks/ApplicationServices.framework/Versions/A/Frameworks/HIServices.framework/Versions/A/HIServices
0x000000000af41000 	/System/Library/Frameworks/ApplicationServices.framework/Versions/A/Frameworks/LangAnalysis.framework/Versions/A/LangAnalysis
0x000000000af41000 	/System/Library/Frameworks/ApplicationServices.framework/Versions/A/Frameworks/PrintCore.framework/Versions/A/PrintCore
0x000000000af41000 	/System/Library/Frameworks/ApplicationServices.framework/Versions/A/Frameworks/QD.framework/Versions/A/QD
0x000000000af41000 	/System/Library/Frameworks/ApplicationServices.framework/Versions/A/Frameworks/SpeechSynthesis.framework/Versions/A/SpeechSynthesis
0x000000000af41000 	/System/Library/Frameworks/IOSurface.framework/Versions/A/IOSurface
0x000000000af41000 	/System/Library/Frameworks/Accelerate.framework/Versions/A/Accelerate
0x000000000af41000 	/System/Library/Frameworks/Accelerate.framework/Versions/A/Frameworks/vImage.framework/Versions/A/vImage
0x000000000af41000 	/System/Library/Frameworks/Accelerate.framework/Versions/A/Frameworks/vecLib.framework/Versions/A/vecLib
0x000000000af41000 	/System/Library/Frameworks/Accelerate.framework/Versions/A/Frameworks/vecLib.framework/Versions/A/libvDSP.dylib
0x000000000af41000 	/System/Library/Frameworks/Accelerate.framework/Versions/A/Frameworks/vecLib.framework/Versions/A/libvMisc.dylib
0x000000000af41000 	/System/Library/Frameworks/Accelerate.framework/Versions/A/Frameworks/vecLib.framework/Versions/A/libLAPACK.dylib
0x000000000af41000 	/System/Library/Frameworks/Accelerate.framework/Versions/A/Frameworks/vecLib.framework/Versions/A/libBLAS.dylib
0x000000000af41000 	/System/Library/Frameworks/ApplicationServices.framework/Versions/A/Frameworks/ATS.framework/Versions/A/Resources/libFontParser.dylib
0x000000000af41000 	/System/Library/Frameworks/ApplicationServices.framework/Versions/A/Frameworks/ATS.framework/Versions/A/Resources/libFontRegistry.dylib
0x000000000af41000 	/System/Library/Frameworks/ImageIO.framework/Versions/A/Resources/libJPEG.dylib
0x000000000af41000 	/System/Library/Frameworks/ImageIO.framework/Versions/A/Resources/libTIFF.dylib
0x000000000af41000 	/System/Library/Frameworks/ImageIO.framework/Versions/A/Resources/libPng.dylib
0x000000000af41000 	/System/Library/Frameworks/ImageIO.framework/Versions/A/Resources/libGIF.dylib
0x000000000af41000 	/System/Library/Frameworks/ImageIO.framework/Versions/A/Resources/libJP2.dylib
0x000000000af41000 	/System/Library/Frameworks/ImageIO.framework/Versions/A/Resources/libRadiance.dylib
0x000000000af41000 	/usr/lib/libcups.2.dylib
0x000000000af41000 	/System/Library/Frameworks/Kerberos.framework/Versions/A/Kerberos
0x000000000af41000 	/System/Library/Frameworks/GSS.framework/Versions/A/GSS
0x000000000af41000 	/usr/lib/libresolv.9.dylib
0x000000000af41000 	/usr/lib/libiconv.2.dylib
0x000000000af41000 	/System/Library/PrivateFrameworks/Heimdal.framework/Versions/A/Heimdal
0x000000000af41000 	/System/Library/PrivateFrameworks/TrustEvaluationAgent.framework/Versions/A/TrustEvaluationAgent
0x000000000af41000 	/usr/lib/libheimdal-asn1.dylib
0x000000000af41000 	/System/Library/Frameworks/OpenDirectory.framework/Versions/A/OpenDirectory
0x000000000af41000 	/System/Library/PrivateFrameworks/CommonAuth.framework/Versions/A/CommonAuth
0x000000000af41000 	/System/Library/Frameworks/SecurityFoundation.framework/Versions/A/SecurityFoundation
0x000000000af41000 	/System/Library/PrivateFrameworks/Bom.framework/Versions/A/Bom
0x000000000af41000 	/System/Library/Frameworks/CoreVideo.framework/Versions/A/CoreVideo
0x000000000af41000 	/System/Library/Frameworks/QuartzCore.framework/Versions/A/Frameworks/CoreImage.framework/Versions/A/CoreImage
0x000000000af41000 	/System/Library/Frameworks/QuartzCore.framework/Versions/A/Frameworks/ScalableUserInterface.framework/Versions/A/ScalableUserInterface
0x000000000af41000 	/System/Library/Frameworks/OpenGL.framework/Versions/A/Libraries/libGLU.dylib
0x000000000af41000 	/System/Library/Frameworks/OpenGL.framework/Versions/A/Libraries/libGFXShared.dylib
0x000000000af41000 	/System/Library/Frameworks/OpenGL.framework/Versions/A/Libraries/libGL.dylib
0x000000000af41000 	/System/Library/Frameworks/OpenGL.framework/Versions/A/Libraries/libGLImage.dylib
0x000000000af41000 	/System/Library/Frameworks/OpenGL.framework/Versions/A/Libraries/libCVMSPluginSupport.dylib
0x000000000af41000 	/System/Library/Frameworks/OpenGL.framework/Versions/A/Libraries/libCoreVMClient.dylib
0x000000000af41000 	/System/Library/PrivateFrameworks/FaceCore.framework/Versions/A/FaceCore
0x000000000af41000 	/System/Library/PrivateFrameworks/CrashReporterSupport.framework/Versions/A/CrashReporterSupport
0x000000000af41000 	/System/Library/Frameworks/OpenCL.framework/Versions/A/OpenCL
0x000000000af41000 	/System/Library/PrivateFrameworks/AppleFSCompression.framework/Versions/A/AppleFSCompression
0x000000000af41000 	/System/Library/PrivateFrameworks/Ubiquity.framework/Versions/A/Ubiquity
0x000000000af41000 	/System/Library/PrivateFrameworks/IconServices.framework/Versions/A/IconServices
0x000000000af41000 	/System/Library/PrivateFrameworks/ChunkingLibrary.framework/Versions/A/ChunkingLibrary
0x000000000af41000 	/System/Library/PrivateFrameworks/CoreSymbolication.framework/Versions/A/CoreSymbolication
0x000000000af41000 	/System/Library/PrivateFrameworks/Symbolication.framework/Versions/A/Symbolication
0x000000000af41000 	/System/Library/PrivateFrameworks/DebugSymbols.framework/Versions/A/DebugSymbols
0x0000000110800000 	/Library/Java/JavaVirtualMachines/jdk1.7.0_40.jdk/Contents/Home/jre/lib/server/libjvm.dylib
0x000000000af41000 	/usr/lib/libstdc++.6.dylib
0x000000010ff57000 	/Library/Java/JavaVirtualMachines/jdk1.7.0_40.jdk/Contents/Home/jre/lib/libverify.dylib
0x000000010ff64000 	/Library/Java/JavaVirtualMachines/jdk1.7.0_40.jdk/Contents/Home/jre/lib/libjava.dylib
0x000000010ff95000 	/Library/Java/JavaVirtualMachines/jdk1.7.0_40.jdk/Contents/Home/jre/lib/libjdwp.dylib
0x000000010ffd2000 	/Library/Java/JavaVirtualMachines/jdk1.7.0_40.jdk/Contents/Home/jre/lib/libnpt.dylib
0x000000010ffdf000 	/Library/Java/JavaVirtualMachines/jdk1.7.0_40.jdk/Contents/Home/jre/lib/libzip.dylib
0x000000011abc1000 	/System/Library/Frameworks/JavaVM.framework/Frameworks/JavaRuntimeSupport.framework/JavaRuntimeSupport
0x000000010ffe9000 	/System/Library/Frameworks/JavaVM.framework/Versions/A/Frameworks/JavaNativeFoundation.framework/Versions/A/JavaNativeFoundation
0x000000011abd9000 	/System/Library/Frameworks/JavaVM.framework/Versions/A/JavaVM
0x000000000af41000 	/System/Library/Frameworks/Carbon.framework/Versions/A/Carbon
0x000000011abe6000 	/System/Library/PrivateFrameworks/JavaLaunching.framework/Versions/A/JavaLaunching
0x000000000af41000 	/System/Library/Frameworks/Carbon.framework/Versions/A/Frameworks/CommonPanels.framework/Versions/A/CommonPanels
0x000000000af41000 	/System/Library/Frameworks/Carbon.framework/Versions/A/Frameworks/Help.framework/Versions/A/Help
0x000000000af41000 	/System/Library/Frameworks/Carbon.framework/Versions/A/Frameworks/ImageCapture.framework/Versions/A/ImageCapture
0x000000000af41000 	/System/Library/Frameworks/Carbon.framework/Versions/A/Frameworks/OpenScripting.framework/Versions/A/OpenScripting
0x000000000af41000 	/System/Library/Frameworks/Carbon.framework/Versions/A/Frameworks/Print.framework/Versions/A/Print
0x000000000af41000 	/System/Library/Frameworks/Carbon.framework/Versions/A/Frameworks/SecurityHI.framework/Versions/A/SecurityHI
0x000000011adfb000 	/Library/Java/JavaVirtualMachines/jdk1.7.0_40.jdk/Contents/Home/jre/lib/libdt_socket.dylib

VM Arguments:
jvm_args: -agentlib:jdwp=transport=dt_socket,address=127.0.0.1:50580,suspend=y,server=n -Dfile.encoding=UTF-8 
java_command: com.company.Main /Users/Rachel/Documents/untitled2.txt
Launcher Type: SUN_STANDARD

Environment Variables:
PATH=/usr/bin:/bin:/usr/sbin:/sbin
SHELL=/bin/bash

Signal Handlers:
SIGSEGV: [libjvm.dylib+0x524b25], sa_mask[0]=0xfffefeff, sa_flags=0x00000043
SIGBUS: [libjvm.dylib+0x524b25], sa_mask[0]=0xfffefeff, sa_flags=0x00000042
SIGFPE: [libjvm.dylib+0x4180e6], sa_mask[0]=0xfffefeff, sa_flags=0x00000042
SIGPIPE: [libjvm.dylib+0x4180e6], sa_mask[0]=0xfffefeff, sa_flags=0x00000042
SIGXFSZ: [libjvm.dylib+0x4180e6], sa_mask[0]=0xfffefeff, sa_flags=0x00000042
SIGILL: [libjvm.dylib+0x4180e6], sa_mask[0]=0xfffefeff, sa_flags=0x00000042
SIGUSR1: SIG_DFL, sa_mask[0]=0x00000000, sa_flags=0x00000002
SIGUSR2: [libjvm.dylib+0x417bd8], sa_mask[0]=0x00000004, sa_flags=0x00000042
SIGHUP: [libjvm.dylib+0x415e67], sa_mask[0]=0xfffefeff, sa_flags=0x00000042
SIGINT: [libjvm.dylib+0x415e67], sa_mask[0]=0xfffefeff, sa_flags=0x00000042
SIGTERM: [libjvm.dylib+0x415e67], sa_mask[0]=0xfffefeff, sa_flags=0x00000042
SIGQUIT: [libjvm.dylib+0x415e67], sa_mask[0]=0xfffefeff, sa_flags=0x00000042


---------------  S Y S T E M  ---------------

OS:Bsduname:Darwin 13.0.0 Darwin Kernel Version 13.0.0: Thu Sep 19 22:22:27 PDT 2013; root:xnu-2422.1.72~6/RELEASE_X86_64 x86_64
rlimit: STACK 8192k, CORE 0k, NPROC 709, NOFILE 10240, AS infinity
load average:1.22 1.67 1.87

CPU:total 4 (2 cores per cpu, 2 threads per core) family 6 model 58 stepping 9, cmov, cx8, fxsr, mmx, sse, sse2, sse3, ssse3, sse4.1, sse4.2, popcnt, avx, aes, erms, ht, tsc, tscinvbit, tscinv

Memory: 4k page, physical 8388608k(2097152k free)

/proc/meminfo:


vm_info: Java HotSpot(TM) 64-Bit Server VM (24.0-b56) for bsd-amd64 JRE (1.7.0_40-b43), built on Aug 26 2013 21:29:19 by "java_re" with gcc 4.2.1 (Based on Apple Inc. build 5658) (LLVM build 2336.11.00)

time: Mon Nov 25 12:32:33 2013
elapsed time: 456 seconds

